[sites.google.com/view/jqttescripts.html]
[backblue.gif]
[fade.gif]
[index.html]
[ssl.gstatic.com/atari/images/simple-header-blended-small.png]
[ssl.gstatic.com/docs/common/cleardot.gif]
[apis.google.com/js/clientc932.js]
[sites.google.com/view/jqttescripts/startseite.html]
[sites.google.com/view/jqttescripts/scripts.html]
[sites.google.com/view/jqttescripts/exploits.html]
[sites.google.com/view/jqttescripts/discord.html]
[sites.google.com/view/jqttescripts.html]
[sites.google.com/view/jqttescripts/startseite.html]
[sites.google.com/view/jqttescripts/scripts.html]
[sites.google.com/view/jqttescripts/exploits.html]
[sites.google.com/view/jqttescripts/credits.html]
[sites.google.com/view/jqttescripts/_https_/discordapp.com/widget.9d808.delayed]
[sites.google.com/view/jqttescripts/discord.html]
[sites.google.com/view/jqttescripts/credits.html]
[sites.google.com/view/jqttescripts/_https_/discordapp.com/widgetd808.html]
